<?xml version="1.0" encoding="UTF-8"?>
<testng-results ignored="0" total="1" passed="1" failed="0" skipped="0">
  <reporter-output>
  </reporter-output>
  <suite started-at="2025-03-12T02:47:21 CST" name="Default Suite" finished-at="2025-03-12T02:47:21 CST" duration-ms="30">
    <groups>
    </groups>
    <test started-at="2025-03-12T02:47:21 CST" name="demo" finished-at="2025-03-12T02:47:21 CST" duration-ms="30">
      <class name="testng.demo">
        <test-method signature="testHello()[pri:0, instance:testng.demo@6743e411]" started-at="2025-03-12T02:47:21 CST" name="testHello" finished-at="2025-03-12T02:47:21 CST" duration-ms="4" status="PASS">
          <reporter-output>
          </reporter-output>
        </test-method> <!-- testHello -->
      </class> <!-- testng.demo -->
    </test> <!-- demo -->
  </suite> <!-- Default Suite -->
</testng-results>
